# JRE version: Java(TM) SE Runtime Environment (8.0_101-b13) (build 1.8.0_101-b13)
# Java VM: Java HotSpot(TM) 64-Bit Server VM (25.101-b13 mixed mode windows-amd64 compressed oops)
Heap:
 PSYoungGen      total 205312K, used 97816K [0x000000076b400000, 0x0000000779f00000, 0x00000007c0000000)
  eden space 186880K, 42% used [0x000000076b400000,0x0000000770187118,0x0000000776a80000)
  from space 18432K, 99% used [0x0000000778100000,0x00000007792fef70,0x0000000779300000)
  to   space 23040K, 0% used [0x0000000776a80000,0x0000000776a80000,0x0000000778100000)
 ParOldGen       total 192000K, used 29092K [0x00000006c1c00000, 0x00000006cd780000, 0x000000076b400000)
  object space 192000K, 15% used [0x00000006c1c00000,0x00000006c3869120,0x00000006cd780000)
 Metaspace       used 55686K, capacity 58300K, committed 58456K, reserved 1099776K
  class space    used 7342K, capacity 7798K, committed 7808K, reserved 1048576K
GC Heap History (10 events):
Event: 4.750 GC heap before
{Heap before GC invocations=8 (full 2):
 PSYoungGen      total 133632K, used 10235K [0x000000076b400000, 0x0000000777680000, 0x00000007c0000000)
  eden space 123392K, 0% used [0x000000076b400000,0x000000076b400000,0x0000000772c80000)
  from space 10240K, 99% used [0x0000000773980000,0x000000077437efb0,0x0000000774380000)
  to   space 13312K, 0% used [0x0000000772c80000,0x0000000772c80000,0x0000000773980000)
 ParOldGen       total 111616K, used 11315K [0x00000006c1c00000, 0x00000006c8900000, 0x000000076b400000)
  object space 111616K, 10% used [0x00000006c1c00000,0x00000006c270cc58,0x00000006c8900000)
 Metaspace       used 34231K, capacity 35244K, committed 35416K, reserved 1079296K
  class space    used 4389K, capacity 4614K, committed 4736K, reserved 1048576K
Event: 4.823 GC heap after
Heap after GC invocations=8 (full 2):
 PSYoungGen      total 133632K, used 0K [0x000000076b400000, 0x0000000777680000, 0x00000007c0000000)
  eden space 123392K, 0% used [0x000000076b400000,0x000000076b400000,0x0000000772c80000)
  from space 10240K, 0% used [0x0000000773980000,0x0000000773980000,0x0000000774380000)
  to   space 13312K, 0% used [0x0000000772c80000,0x0000000772c80000,0x0000000773980000)
 ParOldGen       total 192000K, used 18359K [0x00000006c1c00000, 0x00000006cd780000, 0x000000076b400000)
  object space 192000K, 9% used [0x00000006c1c00000,0x00000006c2dedfa8,0x00000006cd780000)
 Metaspace       used 34231K, capacity 35244K, committed 35416K, reserved 1079296K
  class space    used 4389K, capacity 4614K, committed 4736K, reserved 1048576K
}
Event: 5.996 GC heap before
{Heap before GC invocations=9 (full 2):
 PSYoungGen      total 133632K, used 123392K [0x000000076b400000, 0x0000000777680000, 0x00000007c0000000)
  eden space 123392K, 100% used [0x000000076b400000,0x0000000772c80000,0x0000000772c80000)
  from space 10240K, 0% used [0x0000000773980000,0x0000000773980000,0x0000000774380000)
  to   space 13312K, 0% used [0x0000000772c80000,0x0000000772c80000,0x0000000773980000)
 ParOldGen       total 192000K, used 18359K [0x00000006c1c00000, 0x00000006cd780000, 0x000000076b400000)
  object space 192000K, 9% used [0x00000006c1c00000,0x00000006c2dedfa8,0x00000006cd780000)
 Metaspace       used 39415K, capacity 41114K, committed 41304K, reserved 1085440K
  class space    used 5098K, capacity 5419K, committed 5504K, reserved 1048576K
Event: 6.003 GC heap after
Heap after GC invocations=9 (full 2):
 PSYoungGen      total 136704K, used 10339K [0x000000076b400000, 0x0000000776e00000, 0x00000007c0000000)
  eden space 123392K, 0% used [0x000000076b400000,0x000000076b400000,0x0000000772c80000)
  from space 13312K, 77% used [0x0000000772c80000,0x0000000773698f50,0x0000000773980000)
  to   space 13824K, 0% used [0x0000000776080000,0x0000000776080000,0x0000000776e00000)
 ParOldGen       total 192000K, used 18367K [0x00000006c1c00000, 0x00000006cd780000, 0x000000076b400000)
  object space 192000K, 9% used [0x00000006c1c00000,0x00000006c2deffa8,0x00000006cd780000)
 Metaspace       used 39415K, capacity 41114K, committed 41304K, reserved 1085440K
  class space    used 5098K, capacity 5419K, committed 5504K, reserved 1048576K
}
Event: 8.771 GC heap before
{Heap before GC invocations=10 (full 2):
 PSYoungGen      total 136704K, used 133731K [0x000000076b400000, 0x0000000776e00000, 0x00000007c0000000)
  eden space 123392K, 100% used [0x000000076b400000,0x0000000772c80000,0x0000000772c80000)
  from space 13312K, 77% used [0x0000000772c80000,0x0000000773698f50,0x0000000773980000)
  to   space 13824K, 0% used [0x0000000776080000,0x0000000776080000,0x0000000776e00000)
 ParOldGen       total 192000K, used 18367K [0x00000006c1c00000, 0x00000006cd780000, 0x000000076b400000)
  object space 192000K, 9% used [0x00000006c1c00000,0x00000006c2deffa8,0x00000006cd780000)
 Metaspace       used 41518K, capacity 43352K, committed 43608K, reserved 1087488K
  class space    used 5383K, capacity 5730K, committed 5760K, reserved 1048576K
Event: 8.784 GC heap after
Heap after GC invocations=10 (full 2):
 PSYoungGen      total 172544K, used 12437K [0x000000076b400000, 0x0000000776d00000, 0x00000007c0000000)
  eden space 159744K, 0% used [0x000000076b400000,0x000000076b400000,0x0000000775000000)
  from space 12800K, 97% used [0x0000000776080000,0x0000000776ca5500,0x0000000776d00000)
  to   space 14848K, 0% used [0x0000000775000000,0x0000000775000000,0x0000000775e80000)
 ParOldGen       total 192000K, used 18375K [0x00000006c1c00000, 0x00000006cd780000, 0x000000076b400000)
  object space 192000K, 9% used [0x00000006c1c00000,0x00000006c2df1fa8,0x00000006cd780000)
 Metaspace       used 41518K, capacity 43352K, committed 43608K, reserved 1087488K
  class space    used 5383K, capacity 5730K, committed 5760K, reserved 1048576K
}
Event: 9.899 GC heap before
{Heap before GC invocations=11 (full 2):
 PSYoungGen      total 172544K, used 172181K [0x000000076b400000, 0x0000000776d00000, 0x00000007c0000000)
  eden space 159744K, 100% used [0x000000076b400000,0x0000000775000000,0x0000000775000000)
  from space 12800K, 97% used [0x0000000776080000,0x0000000776ca5500,0x0000000776d00000)
  to   space 14848K, 0% used [0x0000000775000000,0x0000000775000000,0x0000000775e80000)
 ParOldGen       total 192000K, used 18375K [0x00000006c1c00000, 0x00000006cd780000, 0x000000076b400000)
  object space 192000K, 9% used [0x00000006c1c00000,0x00000006c2df1fa8,0x00000006cd780000)
 Metaspace       used 44605K, capacity 46726K, committed 46936K, reserved 1089536K
  class space    used 5804K, capacity 6169K, committed 6272K, reserved 1048576K
Event: 9.915 GC heap after
Heap after GC invocations=11 (full 2):
 PSYoungGen      total 174592K, used 14830K [0x000000076b400000, 0x0000000779300000, 0x00000007c0000000)
  eden space 159744K, 0% used [0x000000076b400000,0x000000076b400000,0x0000000775000000)
  from space 14848K, 99% used [0x0000000775000000,0x0000000775e7bae0,0x0000000775e80000)
  to   space 18432K, 0% used [0x0000000778100000,0x0000000778100000,0x0000000779300000)
 ParOldGen       total 192000K, used 22433K [0x00000006c1c00000, 0x00000006cd780000, 0x000000076b400000)
  object space 192000K, 11% used [0x00000006c1c00000,0x00000006c31e87d8,0x00000006cd780000)
 Metaspace       used 44605K, capacity 46726K, committed 46936K, reserved 1089536K
  class space    used 5804K, capacity 6169K, committed 6272K, reserved 1048576K
}
Event: 11.442 GC heap before
{Heap before GC invocations=12 (full 2):
 PSYoungGen      total 174592K, used 174574K [0x000000076b400000, 0x0000000779300000, 0x00000007c0000000)
  eden space 159744K, 100% used [0x000000076b400000,0x0000000775000000,0x0000000775000000)
  from space 14848K, 99% used [0x0000000775000000,0x0000000775e7bae0,0x0000000775e80000)
  to   space 18432K, 0% used [0x0000000778100000,0x0000000778100000,0x0000000779300000)
 ParOldGen       total 192000K, used 22433K [0x00000006c1c00000, 0x00000006cd780000, 0x000000076b400000)
  object space 192000K, 11% used [0x00000006c1c00000,0x00000006c31e87d8,0x00000006cd780000)
 Metaspace       used 51342K, capacity 53714K, committed 53976K, reserved 1095680K
  class space    used 6732K, capacity 7163K, committed 7168K, reserved 1048576K
Event: 11.465 GC heap after
Heap after GC invocations=12 (full 2):
 PSYoungGen      total 205312K, used 18427K [0x000000076b400000, 0x0000000779f00000, 0x00000007c0000000)
  eden space 186880K, 0% used [0x000000076b400000,0x000000076b400000,0x0000000776a80000)
  from space 18432K, 99% used [0x0000000778100000,0x00000007792fef70,0x0000000779300000)
  to   space 23040K, 0% used [0x0000000776a80000,0x0000000776a80000,0x0000000778100000)
 ParOldGen       total 192000K, used 29092K [0x00000006c1c00000, 0x00000006cd780000, 0x000000076b400000)
  object space 192000K, 15% used [0x00000006c1c00000,0x00000006c3869120,0x00000006cd780000)
 Metaspace       used 51342K, capacity 53714K, committed 53976K, reserved 1095680K
  class space    used 6732K, capacity 7163K, committed 7168K, reserved 1048576K
}

