# JRE version: Java(TM) SE Runtime Environment (8.0_101-b13) (build 1.8.0_101-b13)
# Java VM: Java HotSpot(TM) 64-Bit Server VM (25.101-b13 mixed mode windows-amd64 compressed oops)
Heap:
 PSYoungGen      total 236032K, used 154761K [0x000000076b400000, 0x0000000780980000, 0x00000007c0000000)
  eden space 223744K, 63% used [0x000000076b400000,0x0000000773f23620,0x0000000778e80000)
  from space 12288K, 99% used [0x0000000778e80000,0x0000000779a7f080,0x0000000779a80000)
  to   space 17408K, 0% used [0x000000077f880000,0x000000077f880000,0x0000000780980000)
 ParOldGen       total 137216K, used 22806K [0x00000006c1c00000, 0x00000006ca200000, 0x000000076b400000)
  object space 137216K, 16% used [0x00000006c1c00000,0x00000006c3245940,0x00000006ca200000)
 Metaspace       used 51071K, capacity 53012K, committed 53376K, reserved 1095680K
  class space    used 6607K, capacity 6952K, committed 7040K, reserved 1048576K
GC Heap History (10 events):
Event: 5.310 GC heap before
{Heap before GC invocations=7 (full 1):
 PSYoungGen      total 136192K, used 132876K [0x000000076b400000, 0x0000000774580000, 0x00000007c0000000)
  eden space 125440K, 100% used [0x000000076b400000,0x0000000772e80000,0x0000000772e80000)
  from space 10752K, 69% used [0x0000000772e80000,0x00000007735c3130,0x0000000773900000)
  to   space 9216K, 0% used [0x0000000773c80000,0x0000000773c80000,0x0000000774580000)
 ParOldGen       total 107520K, used 6732K [0x00000006c1c00000, 0x00000006c8500000, 0x000000076b400000)
  object space 107520K, 6% used [0x00000006c1c00000,0x00000006c22932a8,0x00000006c8500000)
 Metaspace       used 33831K, capacity 35164K, committed 35328K, reserved 1079296K
  class space    used 4330K, capacity 4592K, committed 4608K, reserved 1048576K
Event: 5.319 GC heap after
Heap after GC invocations=7 (full 1):
 PSYoungGen      total 136704K, used 9195K [0x000000076b400000, 0x0000000777400000, 0x00000007c0000000)
  eden space 127488K, 0% used [0x000000076b400000,0x000000076b400000,0x0000000773080000)
  from space 9216K, 99% used [0x0000000773c80000,0x000000077457afc8,0x0000000774580000)
  to   space 12288K, 0% used [0x0000000773080000,0x0000000773080000,0x0000000773c80000)
 ParOldGen       total 107520K, used 10237K [0x00000006c1c00000, 0x00000006c8500000, 0x000000076b400000)
  object space 107520K, 9% used [0x00000006c1c00000,0x00000006c25ff4a8,0x00000006c8500000)
 Metaspace       used 33831K, capacity 35164K, committed 35328K, reserved 1079296K
  class space    used 4330K, capacity 4592K, committed 4608K, reserved 1048576K
}
Event: 5.344 GC heap before
{Heap before GC invocations=8 (full 1):
 PSYoungGen      total 136704K, used 13432K [0x000000076b400000, 0x0000000777400000, 0x00000007c0000000)
  eden space 127488K, 3% used [0x000000076b400000,0x000000076b823188,0x0000000773080000)
  from space 9216K, 99% used [0x0000000773c80000,0x000000077457afc8,0x0000000774580000)
  to   space 12288K, 0% used [0x0000000773080000,0x0000000773080000,0x0000000773c80000)
 ParOldGen       total 107520K, used 10237K [0x00000006c1c00000, 0x00000006c8500000, 0x000000076b400000)
  object space 107520K, 9% used [0x00000006c1c00000,0x00000006c25ff4a8,0x00000006c8500000)
 Metaspace       used 34070K, capacity 35356K, committed 35416K, reserved 1081344K
  class space    used 4353K, capacity 4592K, committed 4608K, reserved 1048576K
Event: 5.351 GC heap after
Heap after GC invocations=8 (full 1):
 PSYoungGen      total 139776K, used 8650K [0x000000076b400000, 0x000000077a800000, 0x00000007c0000000)
  eden space 127488K, 0% used [0x000000076b400000,0x000000076b400000,0x0000000773080000)
  from space 12288K, 70% used [0x0000000773080000,0x00000007738f2a80,0x0000000773c80000)
  to   space 11776K, 0% used [0x0000000779c80000,0x0000000779c80000,0x000000077a800000)
 ParOldGen       total 107520K, used 10245K [0x00000006c1c00000, 0x00000006c8500000, 0x000000076b400000)
  object space 107520K, 9% used [0x00000006c1c00000,0x00000006c26014a8,0x00000006c8500000)
 Metaspace       used 34070K, capacity 35356K, committed 35416K, reserved 1081344K
  class space    used 4353K, capacity 4592K, committed 4608K, reserved 1048576K
}
Event: 5.351 GC heap before
{Heap before GC invocations=9 (full 2):
 PSYoungGen      total 139776K, used 8650K [0x000000076b400000, 0x000000077a800000, 0x00000007c0000000)
  eden space 127488K, 0% used [0x000000076b400000,0x000000076b400000,0x0000000773080000)
  from space 12288K, 70% used [0x0000000773080000,0x00000007738f2a80,0x0000000773c80000)
  to   space 11776K, 0% used [0x0000000779c80000,0x0000000779c80000,0x000000077a800000)
 ParOldGen       total 107520K, used 10245K [0x00000006c1c00000, 0x00000006c8500000, 0x000000076b400000)
  object space 107520K, 9% used [0x00000006c1c00000,0x00000006c26014a8,0x00000006c8500000)
 Metaspace       used 34070K, capacity 35356K, committed 35416K, reserved 1081344K
  class space    used 4353K, capacity 4592K, committed 4608K, reserved 1048576K
Event: 5.406 GC heap after
Heap after GC invocations=9 (full 2):
 PSYoungGen      total 139776K, used 0K [0x000000076b400000, 0x000000077a800000, 0x00000007c0000000)
  eden space 127488K, 0% used [0x000000076b400000,0x000000076b400000,0x0000000773080000)
  from space 12288K, 0% used [0x0000000773080000,0x0000000773080000,0x0000000773c80000)
  to   space 11776K, 0% used [0x0000000779c80000,0x0000000779c80000,0x000000077a800000)
 ParOldGen       total 137216K, used 13283K [0x00000006c1c00000, 0x00000006ca200000, 0x000000076b400000)
  object space 137216K, 9% used [0x00000006c1c00000,0x00000006c28f8d10,0x00000006ca200000)
 Metaspace       used 34070K, capacity 35356K, committed 35416K, reserved 1081344K
  class space    used 4353K, capacity 4592K, committed 4608K, reserved 1048576K
}
Event: 6.285 GC heap before
{Heap before GC invocations=10 (full 2):
 PSYoungGen      total 139776K, used 127488K [0x000000076b400000, 0x000000077a800000, 0x00000007c0000000)
  eden space 127488K, 100% used [0x000000076b400000,0x0000000773080000,0x0000000773080000)
  from space 12288K, 0% used [0x0000000773080000,0x0000000773080000,0x0000000773c80000)
  to   space 11776K, 0% used [0x0000000779c80000,0x0000000779c80000,0x000000077a800000)
 ParOldGen       total 137216K, used 13283K [0x00000006c1c00000, 0x00000006ca200000, 0x000000076b400000)
  object space 137216K, 9% used [0x00000006c1c00000,0x00000006c28f8d10,0x00000006ca200000)
 Metaspace       used 38143K, capacity 39594K, committed 39808K, reserved 1083392K
  class space    used 4862K, capacity 5129K, committed 5248K, reserved 1048576K
Event: 6.293 GC heap after
Heap after GC invocations=10 (full 2):
 PSYoungGen      total 232448K, used 9883K [0x000000076b400000, 0x000000077a680000, 0x00000007c0000000)
  eden space 222208K, 0% used [0x000000076b400000,0x000000076b400000,0x0000000778d00000)
  from space 10240K, 96% used [0x0000000779c80000,0x000000077a626fe0,0x000000077a680000)
  to   space 12288K, 0% used [0x0000000778e80000,0x0000000778e80000,0x0000000779a80000)
 ParOldGen       total 137216K, used 13291K [0x00000006c1c00000, 0x00000006ca200000, 0x000000076b400000)
  object space 137216K, 9% used [0x00000006c1c00000,0x00000006c28fad10,0x00000006ca200000)
 Metaspace       used 38143K, capacity 39594K, committed 39808K, reserved 1083392K
  class space    used 4862K, capacity 5129K, committed 5248K, reserved 1048576K
}
Event: 10.136 GC heap before
{Heap before GC invocations=11 (full 2):
 PSYoungGen      total 232448K, used 232091K [0x000000076b400000, 0x000000077a680000, 0x00000007c0000000)
  eden space 222208K, 100% used [0x000000076b400000,0x0000000778d00000,0x0000000778d00000)
  from space 10240K, 96% used [0x0000000779c80000,0x000000077a626fe0,0x000000077a680000)
  to   space 12288K, 0% used [0x0000000778e80000,0x0000000778e80000,0x0000000779a80000)
 ParOldGen       total 137216K, used 13291K [0x00000006c1c00000, 0x00000006ca200000, 0x000000076b400000)
  object space 137216K, 9% used [0x00000006c1c00000,0x00000006c28fad10,0x00000006ca200000)
 Metaspace       used 46825K, capacity 48662K, committed 48896K, reserved 1091584K
  class space    used 6063K, capacity 6399K, committed 6400K, reserved 1048576K
Event: 10.160 GC heap after
Heap after GC invocations=11 (full 2):
 PSYoungGen      total 236032K, used 12284K [0x000000076b400000, 0x0000000780980000, 0x00000007c0000000)
  eden space 223744K, 0% used [0x000000076b400000,0x000000076b400000,0x0000000778e80000)
  from space 12288K, 99% used [0x0000000778e80000,0x0000000779a7f080,0x0000000779a80000)
  to   space 17408K, 0% used [0x000000077f880000,0x000000077f880000,0x0000000780980000)
 ParOldGen       total 137216K, used 22806K [0x00000006c1c00000, 0x00000006ca200000, 0x000000076b400000)
  object space 137216K, 16% used [0x00000006c1c00000,0x00000006c3245940,0x00000006ca200000)
 Metaspace       used 46825K, capacity 48662K, committed 48896K, reserved 1091584K
  class space    used 6063K, capacity 6399K, committed 6400K, reserved 1048576K
}

